samples/tutorial-2-mixedprocessing/build/intermediates/manifest_merge_blame_file/debug/manifest-merger-blame-debug-report.txt
1<?xml version="1.0" encoding="utf-8"?>
2<manifest xmlns:android="http://schemas.android.com/apk/res/android"
3    package="org.opencv.samples.tutorial2"
4    android:versionCode="301"
5    android:versionName="3.01" >
6
7    <uses-sdk
8        android:minSdkVersion="21"
8-->samples/tutorial-2-mixedprocessing/AndroidManifest.xml
9        android:targetSdkVersion="26" />
9-->samples/tutorial-2-mixedprocessing/AndroidManifest.xml
10
11    <supports-screens
11-->samples/tutorial-2-mixedprocessing/AndroidManifest.xml:21:5-25:51
12        android:anyDensity="true"
12-->samples/tutorial-2-mixedprocessing/AndroidManifest.xml:25:23-48
13        android:largeScreens="true"
13-->samples/tutorial-2-mixedprocessing/AndroidManifest.xml:24:23-50
14        android:normalScreens="true"
14-->samples/tutorial-2-mixedprocessing/AndroidManifest.xml:23:23-51
15        android:resizeable="true"
15-->samples/tutorial-2-mixedprocessing/AndroidManifest.xml:21:23-48
16        android:smallScreens="true" />
16-->samples/tutorial-2-mixedprocessing/AndroidManifest.xml:22:23-50
17
18    <uses-permission android:name="android.permission.CAMERA" />
18-->samples/tutorial-2-mixedprocessing/AndroidManifest.xml:27:5-64
18-->samples/tutorial-2-mixedprocessing/AndroidManifest.xml:27:22-62
19
20    <uses-feature
20-->samples/tutorial-2-mixedprocessing/AndroidManifest.xml:29:5-84
21        android:name="android.hardware.camera"
21-->samples/tutorial-2-mixedprocessing/AndroidManifest.xml:29:19-57
22        android:required="false" />
22-->samples/tutorial-2-mixedprocessing/AndroidManifest.xml:29:58-82
23    <uses-feature
23-->samples/tutorial-2-mixedprocessing/AndroidManifest.xml:30:5-94
24        android:name="android.hardware.camera.autofocus"
24-->samples/tutorial-2-mixedprocessing/AndroidManifest.xml:30:19-67
25        android:required="false" />
25-->samples/tutorial-2-mixedprocessing/AndroidManifest.xml:30:68-92
26    <uses-feature
26-->samples/tutorial-2-mixedprocessing/AndroidManifest.xml:31:5-90
27        android:name="android.hardware.camera.front"
27-->samples/tutorial-2-mixedprocessing/AndroidManifest.xml:31:19-63
28        android:required="false" />
28-->samples/tutorial-2-mixedprocessing/AndroidManifest.xml:31:64-88
29    <uses-feature
29-->samples/tutorial-2-mixedprocessing/AndroidManifest.xml:32:5-100
30        android:name="android.hardware.camera.front.autofocus"
30-->samples/tutorial-2-mixedprocessing/AndroidManifest.xml:32:19-73
31        android:required="false" />
31-->samples/tutorial-2-mixedprocessing/AndroidManifest.xml:32:74-98
32
33    <application
33-->samples/tutorial-2-mixedprocessing/AndroidManifest.xml:6:5-19:19
34        android:debuggable="true"
35        android:icon="@drawable/icon"
35-->samples/tutorial-2-mixedprocessing/AndroidManifest.xml:8:9-38
36        android:label="@string/app_name"
36-->samples/tutorial-2-mixedprocessing/AndroidManifest.xml:7:9-41
37        android:testOnly="true" >
38        <activity
38-->samples/tutorial-2-mixedprocessing/AndroidManifest.xml:10:9-18:20
39            android:name="org.opencv.samples.tutorial2.Tutorial2Activity"
39-->samples/tutorial-2-mixedprocessing/AndroidManifest.xml:10:19-51
40            android:configChanges="keyboardHidden|orientation"
40-->samples/tutorial-2-mixedprocessing/AndroidManifest.xml:13:19-69
41            android:label="@string/app_name"
41-->samples/tutorial-2-mixedprocessing/AndroidManifest.xml:11:19-51
42            android:screenOrientation="landscape" >
42-->samples/tutorial-2-mixedprocessing/AndroidManifest.xml:12:19-56
43            <intent-filter>
43-->samples/tutorial-2-mixedprocessing/AndroidManifest.xml:14:13-17:29
44                <action android:name="android.intent.action.MAIN" />
44-->samples/tutorial-2-mixedprocessing/AndroidManifest.xml:15:17-69
44-->samples/tutorial-2-mixedprocessing/AndroidManifest.xml:15:25-66
45
46                <category android:name="android.intent.category.LAUNCHER" />
46-->samples/tutorial-2-mixedprocessing/AndroidManifest.xml:16:17-77
46-->samples/tutorial-2-mixedprocessing/AndroidManifest.xml:16:27-74
47            </intent-filter>
48        </activity>
49    </application>
50
51</manifest>